<?xml version="1.0" encoding="UTF-8"?>
<testsuite xmlns:xsi="http://www.w3.org/2001/XMLSchema-instance" xsi:noNamespaceSchemaLocation="https://maven.apache.org/surefire/maven-surefire-plugin/xsd/surefire-test-report-3.0.xsd" version="3.0" name="TestSuite" time="6.915" tests="1" errors="0" skipped="0" failures="0">
  <properties>
[...]
</properties>
  <testcase name="setUpTest" classname="testPages.homePageTest" time="4.98">
    <system-out><![CDATA[INFO    2023-10-03 17:27:47,170 [main] testPages.homePageTest  - setup the environment for the test
INFO    2023-10-03 17:27:52,127 [main] testPages.homePageTest  - nopcommerce home page is launced successfully!
]]></system-out>
  </testcase>
</testsuite>