<?xml version="1.0" encoding="UTF-8"?>
<testng-results ignored="0" total="1" passed="1" failed="0" skipped="0">
  <reporter-output>
  </reporter-output>
  <suite started-at="2023-10-03T17:27:47 EDT" name="Testing nopCommerce Apps" finished-at="2023-10-03T17:27:52 EDT" duration-ms="5048">
    <groups>
    </groups>
    <test started-at="2023-10-03T17:27:47 EDT" name="Regression" finished-at="2023-10-03T17:27:52 EDT" duration-ms="5048">
      <class name="testPages.homePageTest">
        <test-method signature="setUpTest()[pri:0, instance:testPages.homePageTest@275fe372]" started-at="2023-10-03T17:27:47 EDT" name="setUpTest" finished-at="2023-10-03T17:27:52 EDT" duration-ms="4971" status="PASS">
          <reporter-output>
          </reporter-output>
        </test-method> <!-- setUpTest -->
      </class> <!-- testPages.homePageTest -->
    </test> <!-- Regression -->
  </suite> <!-- Testing nopCommerce Apps -->
</testng-results>
